<?xml version="1.0" encoding="UTF-8"?>
<!-- Generated by org.testng.reporters.JUnitReportReporter -->
<testsuite skipped="0" hostname="Ramareddy" name="testngframework1.TestNG1" tests="1" failures="0" timestamp="04 Jun 2019 10:31:27 GMT" time="12.190" errors="0">
  <testcase name="launchbrowser" time="12.190" classname="testngframework1.TestNG1"/>
</testsuite> <!-- testngframework1.TestNG1 -->
